UG to STEP
! INFO-     NX STEP AP242 - V2007
! INFO-      
! INFO-     Start of Translation: 9-AUG-2023  3:17:16 PM
! INFO-      
! STATUS-   Converting Part: C:\Users\rla3\OneDrive - NIST\STEP\NIST Test Models\Unit Test Case Models\Holes\CAD Models\NX_Plate_w_Hole_Moved_RevD.prt
! STATUS-    
! STATUS-   Converting to Output Form (Phase 2 of 3): 9-AUG-2023 3:17:16 PM
! STATUS-    
! INFO-     Bspline aprx. value in effect for this translation :0.000025  meters 
! INFO-      
! INFO-           Summary of STEP Entities 
! INFO-      
! INFO-     Entity Type                                                   Count 
! INFO-     -----------                                                   ------ 
! INFO-     advanced_brep_shape_representation .......................:   1 
! INFO-     advanced_face ............................................:   7 
! INFO-     annotation_plane .........................................:   5 
! INFO-     application_context ......................................:   1 
! INFO-     application_protocol_definition ..........................:   1 
! INFO-     axis2_placement_3d .......................................:   36 
! INFO-     camera_model_d3 ..........................................:   8 
! INFO-     cartesian_point ..........................................:   66 
! INFO-     circle ...................................................:   2 
! INFO-     closed_shell .............................................:   1 
! INFO-     colour ...................................................:   5 
! INFO-     colour_rgb ...............................................:   1 
! INFO-     complex_triangulated_surface_set .........................:   5 
! INFO-     conversion_based_unit_and_length_unit ....................:   1 
! INFO-     coordinates_list .........................................:   10 
! INFO-     curve_style ..............................................:   5 
! INFO-     cylindrical_surface ......................................:   1 
! INFO-     datum ....................................................:   3 
! INFO-     datum_feature ............................................:   3 
! INFO-     datum_reference_compartment ..............................:   3 
! INFO-     datum_system .............................................:   1 
! INFO-     default_model_geometric_view .............................:   1 
! INFO-     dimensional_characteristic_representation ................:   1 
! INFO-     dimensional_exponents ....................................:   1 
! INFO-     dimensional_size .........................................:   1 
! INFO-     direction ................................................:   84 
! INFO-     draughting_callout .......................................:   5 
! INFO-     draughting_model .........................................:   9 
! INFO-     draughting_model_item_association ........................:   10 
! INFO-     draughting_pre_defined_colour ............................:   1 
! INFO-     draughting_pre_defined_curve_font ........................:   5 
! INFO-     edge_curve ...............................................:   14 
! INFO-     edge_loop ................................................:   10 
! INFO-     face_bound ...............................................:   10 
! INFO-     fill_area_style ..........................................:   6 
! INFO-     fill_area_style_colour ...................................:   6 
! INFO-     geometric_item_specific_usage ............................:   4 
! INFO-     geometric_representation_context_and_global_uncertainty_a :   1 
! INFO-     geometric_tolerance_with_datum_reference_and_position_tol :   1 
! INFO-     id_attribute .............................................:   4 
! INFO-     length_measure_with_unit .................................:   1 
! INFO-     length_measure_with_unit_and_measure_representation_item_ :   2 
! INFO-     length_unit_and_si_unit ..................................:   1 
! INFO-     line .....................................................:   12 
! INFO-     manifold_solid_brep ......................................:   1 
! INFO-     mapped_item ..............................................:   9 
! INFO-     measure_qualification ....................................:   2 
! INFO-     measure_with_unit ........................................:   2 
! INFO-     mechanical_design_and_draughting_relationship ............:   8 
! INFO-     mechanical_design_geometric_presentation_representation ..:   1 
! INFO-     oriented_edge ............................................:   28 
! INFO-     planar_box ...............................................:   8 
! INFO-     plane ....................................................:   11 
! INFO-     plane_angle_unit_and_si_unit .............................:   1 
! INFO-     plus_minus_tolerance .....................................:   1 
! INFO-     presentation_style_assignment ............................:   11 
! INFO-     product ..................................................:   1 
! INFO-     product_category .........................................:   1 
! INFO-     product_context ..........................................:   1 
! INFO-     product_definition .......................................:   1 
! INFO-     product_definition_context ...............................:   1 
! INFO-     product_definition_formation_with_specified_source .......:   1 
! INFO-     product_definition_shape .................................:   1 
! INFO-     product_related_product_category .........................:   1 
! INFO-     repositioned_tessellated_item_and_tessellated_geometric_s :   5 
! INFO-     representation_map .......................................:   9 
! INFO-     shape_aspect .............................................:   4 
! INFO-     shape_aspect_relationship ................................:   6 
! INFO-     shape_definition_representation ..........................:   1 
! INFO-     shape_dimension_representation ...........................:   1 
! INFO-     shape_representation .....................................:   1 
! INFO-     shape_representation_relationship ........................:   1 
! INFO-     si_unit_and_solid_angle_unit .............................:   1 
! INFO-     styled_item ..............................................:   1 
! INFO-     surface_side_style .......................................:   1 
! INFO-     surface_style_fill_area ..................................:   1 
! INFO-     surface_style_usage ......................................:   1 
! INFO-     tessellated_annotation_occurrence ........................:   5 
! INFO-     tessellated_curve_set ....................................:   5 
! INFO-     tolerance_value ..........................................:   1 
! INFO-     tolerance_zone ...........................................:   1 
! INFO-     tolerance_zone_form ......................................:   1 
! INFO-     uncertainty_measure_with_unit ............................:   1 
! INFO-     value_format_type_qualifier ..............................:   3 
! INFO-     vector ...................................................:   12 
! INFO-     vertex_point .............................................:   10 
! INFO-     view_volume ..............................................:   8 
! INFO-                                                                  ------- 
! INFO-     Total                                                         527 
! INFO-      
! INFO-     End of Translation: 9-AUG-2023  3:17:16 PM
! INFO-      
